<?xml version="1.0" encoding="UTF-8"?>
<coverage generated="1463756885">
  <project timestamp="1463756885">
    <package name="SurveyGizmo">
      <file name="/home/httpd/vhosts/surveygizmo.com/_dev/garrett/_releases/sgapiphp/Helpers/APIResponse.php">
        <class name="APIResponse" namespace="SurveyGizmo">
          <metrics methods="0" coveredmethods="0" conditionals="0" coveredconditionals="0" statements="0" coveredstatements="0" elements="0" coveredelements="0"/>
        </class>
        <metrics loc="3" ncloc="3" classes="1" methods="0" coveredmethods="0" conditionals="0" coveredconditionals="0" statements="0" coveredstatements="0" elements="0" coveredelements="0"/>
      </file>
      <file name="/home/httpd/vhosts/surveygizmo.com/_dev/garrett/_releases/sgapiphp/Helpers/Filter.php">
        <class name="Filter" namespace="SurveyGizmo">
          <metrics methods="5" coveredmethods="5" conditionals="0" coveredconditionals="0" statements="27" coveredstatements="21" elements="32" coveredelements="26"/>
        </class>
        <line num="12" type="method" name="__construct" crap="2.15" count="5"/>
        <line num="14" type="stmt" count="5"/>
        <line num="15" type="stmt" count="0"/>
        <line num="17" type="stmt" count="5"/>
        <line num="19" type="method" name="parseJson" crap="3.58" count="1"/>
        <line num="21" type="stmt" count="1"/>
        <line num="23" type="stmt" count="1"/>
        <line num="24" type="stmt" count="1"/>
        <line num="26" type="stmt" count="1"/>
        <line num="27" type="stmt" count="0"/>
        <line num="28" type="stmt" count="0"/>
        <line num="29" type="stmt" count="0"/>
        <line num="30" type="stmt" count="0"/>
        <line num="31" type="stmt" count="1"/>
        <line num="33" type="stmt" count="1"/>
        <line num="40" type="method" name="addFilterItem" crap="2.03" count="4"/>
        <line num="42" type="stmt" count="4"/>
        <line num="43" type="stmt" count="4"/>
        <line num="44" type="stmt" count="4"/>
        <line num="45" type="stmt" count="0"/>
        <line num="47" type="stmt" count="4"/>
        <line num="54" type="method" name="returnItems" crap="1" count="4"/>
        <line num="56" type="stmt" count="4"/>
        <line num="63" type="method" name="buildRequestQuery" crap="3" count="4"/>
        <line num="65" type="stmt" count="4"/>
        <line num="66" type="stmt" count="4"/>
        <line num="67" type="stmt" count="4"/>
        <line num="69" type="stmt" count="3"/>
        <line num="70" type="stmt" count="3"/>
        <line num="71" type="stmt" count="3"/>
        <line num="73" type="stmt" count="4"/>
        <line num="74" type="stmt" count="4"/>
        <line num="77" type="stmt" count="1"/>
        <metrics loc="76" ncloc="58" classes="1" methods="5" coveredmethods="2" conditionals="0" coveredconditionals="0" statements="27" coveredstatements="21" elements="32" coveredelements="23"/>
      </file>
      <file name="/home/httpd/vhosts/surveygizmo.com/_dev/garrett/_releases/sgapiphp/Helpers/FilterItem.php">
        <class name="FilterItem" namespace="SurveyGizmo">
          <metrics methods="11" coveredmethods="10" conditionals="0" coveredconditionals="0" statements="25" coveredstatements="24" elements="36" coveredelements="34"/>
        </class>
        <line num="9" type="method" name="__construct" crap="1" count="4"/>
        <line num="10" type="stmt" count="4"/>
        <line num="11" type="stmt" count="4"/>
        <line num="19" type="method" name="setLogic" crap="1" count="4"/>
        <line num="21" type="stmt" count="4"/>
        <line num="22" type="stmt" count="4"/>
        <line num="23" type="stmt" count="4"/>
        <line num="24" type="stmt" count="4"/>
        <line num="25" type="stmt" count="4"/>
        <line num="32" type="method" name="setField" crap="1" count="4"/>
        <line num="33" type="stmt" count="4"/>
        <line num="34" type="stmt" count="4"/>
        <line num="40" type="method" name="setOperator" crap="1" count="4"/>
        <line num="41" type="stmt" count="4"/>
        <line num="42" type="stmt" count="4"/>
        <line num="48" type="method" name="setCondition" crap="1" count="4"/>
        <line num="49" type="stmt" count="4"/>
        <line num="50" type="stmt" count="4"/>
        <line num="55" type="method" name="getField" crap="1" count="3"/>
        <line num="56" type="stmt" count="3"/>
        <line num="62" type="method" name="getOperator" crap="1" count="3"/>
        <line num="63" type="stmt" count="3"/>
        <line num="69" type="method" name="getCondition" crap="1" count="3"/>
        <line num="70" type="stmt" count="3"/>
        <line num="77" type="method" name="checkIsValid" crap="2" count="0"/>
        <line num="79" type="stmt" count="0"/>
        <line num="87" type="method" name="toQueryString" crap="1" count="3"/>
        <line num="88" type="stmt" count="3"/>
        <line num="89" type="stmt" count="3"/>
        <line num="91" type="stmt" count="3"/>
        <line num="92" type="stmt" count="3"/>
        <line num="93" type="stmt" count="3"/>
        <line num="94" type="stmt" count="3"/>
        <line num="95" type="stmt" count="3"/>
        <line num="101" type="method" name="isValid" crap="1" count="4"/>
        <line num="103" type="stmt" count="4"/>
        <metrics loc="105" ncloc="64" classes="1" methods="11" coveredmethods="10" conditionals="0" coveredconditionals="0" statements="25" coveredstatements="24" elements="36" coveredelements="34"/>
      </file>
      <file name="/home/httpd/vhosts/surveygizmo.com/_dev/garrett/_releases/sgapiphp/Helpers/Request.php">
        <class name="Request" namespace="SurveyGizmo">
          <metrics methods="6" coveredmethods="3" conditionals="0" coveredconditionals="0" statements="59" coveredstatements="17" elements="65" coveredelements="20"/>
        </class>
        <line num="15" type="method" name="__construct" crap="1" count="5"/>
        <line num="17" type="stmt" count="5"/>
        <line num="18" type="stmt" count="5"/>
        <line num="20" type="method" name="makeRequest" crap="72" count="0"/>
        <line num="24" type="stmt" count="0"/>
        <line num="25" type="stmt" count="0"/>
        <line num="27" type="stmt" count="0"/>
        <line num="28" type="stmt" count="0"/>
        <line num="29" type="stmt" count="0"/>
        <line num="30" type="stmt" count="0"/>
        <line num="31" type="stmt" count="0"/>
        <line num="32" type="stmt" count="0"/>
        <line num="33" type="stmt" count="0"/>
        <line num="34" type="stmt" count="0"/>
        <line num="35" type="stmt" count="0"/>
        <line num="37" type="stmt" count="0"/>
        <line num="38" type="stmt" count="0"/>
        <line num="39" type="stmt" count="0"/>
        <line num="40" type="stmt" count="0"/>
        <line num="42" type="stmt" count="0"/>
        <line num="43" type="stmt" count="0"/>
        <line num="46" type="stmt" count="0"/>
        <line num="49" type="stmt" count="0"/>
        <line num="52" type="method" name="buildPayload" crap="2.06" count="4"/>
        <line num="54" type="stmt" count="4"/>
        <line num="55" type="stmt" count="4"/>
        <line num="56" type="stmt" count="4"/>
        <line num="58" type="stmt" count="0"/>
        <line num="62" type="method" name="buildURI" crap="5.01" count="1"/>
        <line num="64" type="stmt" count="1"/>
        <line num="65" type="stmt" count="1"/>
        <line num="66" type="stmt" count="1"/>
        <line num="69" type="stmt" count="1"/>
        <line num="70" type="stmt" count="1"/>
        <line num="71" type="stmt" count="1"/>
        <line num="72" type="stmt" count="1"/>
        <line num="73" type="stmt" count="1"/>
        <line num="74" type="stmt" count="1"/>
        <line num="75" type="stmt" count="1"/>
        <line num="78" type="stmt" count="1"/>
        <line num="79" type="stmt" count="0"/>
        <line num="82" type="stmt" count="1"/>
        <line num="85" type="method" name="getResponse" crap="12" count="0"/>
        <line num="86" type="stmt" count="0"/>
        <line num="87" type="stmt" count="0"/>
        <line num="88" type="stmt" count="0"/>
        <line num="89" type="stmt" count="0"/>
        <line num="90" type="stmt" count="0"/>
        <line num="92" type="stmt" count="0"/>
        <line num="93" type="stmt" count="0"/>
        <line num="94" type="stmt" count="0"/>
        <line num="95" type="stmt" count="0"/>
        <line num="96" type="stmt" count="0"/>
        <line num="98" type="stmt" count="0"/>
        <line num="100" type="stmt" count="0"/>
        <line num="103" type="method" name="setOptions" crap="12" count="0"/>
        <line num="105" type="stmt" count="0"/>
        <line num="106" type="stmt" count="0"/>
        <line num="107" type="stmt" count="0"/>
        <line num="108" type="stmt" count="0"/>
        <line num="112" type="stmt" count="0"/>
        <line num="113" type="stmt" count="0"/>
        <line num="114" type="stmt" count="0"/>
        <line num="115" type="stmt" count="0"/>
        <line num="117" type="stmt" count="0"/>
        <line num="119" type="stmt" count="1"/>
        <metrics loc="118" ncloc="104" classes="1" methods="6" coveredmethods="1" conditionals="0" coveredconditionals="0" statements="59" coveredstatements="17" elements="65" coveredelements="18"/>
      </file>
      <file name="/home/httpd/vhosts/surveygizmo.com/_dev/garrett/_releases/sgapiphp/Helpers/SurveyGizmoException.php">
        <class name="SurveyGizmoException" namespace="SurveyGizmo">
          <metrics methods="1" coveredmethods="0" conditionals="0" coveredconditionals="0" statements="19" coveredstatements="0" elements="20" coveredelements="0"/>
        </class>
        <line num="16" type="method" name="__construct" crap="30" count="0"/>
        <line num="17" type="stmt" count="0"/>
        <line num="20" type="stmt" count="0"/>
        <line num="21" type="stmt" count="0"/>
        <line num="22" type="stmt" count="0"/>
        <line num="23" type="stmt" count="0"/>
        <line num="24" type="stmt" count="0"/>
        <line num="25" type="stmt" count="0"/>
        <line num="26" type="stmt" count="0"/>
        <line num="27" type="stmt" count="0"/>
        <line num="28" type="stmt" count="0"/>
        <line num="29" type="stmt" count="0"/>
        <line num="30" type="stmt" count="0"/>
        <line num="31" type="stmt" count="0"/>
        <line num="32" type="stmt" count="0"/>
        <line num="33" type="stmt" count="0"/>
        <line num="34" type="stmt" count="0"/>
        <line num="35" type="stmt" count="0"/>
        <line num="36" type="stmt" count="0"/>
        <metrics loc="37" ncloc="31" classes="1" methods="1" coveredmethods="0" conditionals="0" coveredconditionals="0" statements="19" coveredstatements="0" elements="20" coveredelements="0"/>
      </file>
    </package>
    <metrics files="5" loc="339" ncloc="260" classes="5" methods="23" coveredmethods="13" conditionals="0" coveredconditionals="0" statements="130" coveredstatements="62" elements="153" coveredelements="75"/>
  </project>
</coverage>
